<?xml version="1.0" encoding="UTF-8"?>
<testng-results ignored="0" total="2" passed="2" failed="0" skipped="0">
  <reporter-output>
  </reporter-output>
  <suite started-at="2023-01-26T19:13:41 IST" name="QaWingify" finished-at="2023-01-26T19:13:54 IST" duration-ms="13670">
    <groups>
    </groups>
    <test started-at="2023-01-26T19:13:41 IST" name="QaWingify" finished-at="2023-01-26T19:13:54 IST" duration-ms="13670">
      <class name="com.TestLayer.LoginPageTest">
        <test-method is-config="true" signature="setup()[pri:0, instance:com.TestLayer.LoginPageTest@49b0b76]" started-at="2023-01-26T19:13:41 IST" name="setup" finished-at="2023-01-26T19:13:48 IST" duration-ms="7068" status="PASS">
          <reporter-output>
          </reporter-output>
        </test-method> <!-- setup -->
        <test-method signature="verifyLoginTest()[pri:0, instance:com.TestLayer.LoginPageTest@49b0b76]" started-at="2023-01-26T19:13:48 IST" name="verifyLoginTest" finished-at="2023-01-26T19:13:48 IST" duration-ms="25" status="PASS">
          <reporter-output>
          </reporter-output>
        </test-method> <!-- verifyLoginTest -->
        <test-method is-config="true" signature="tearDown()[pri:0, instance:com.TestLayer.LoginPageTest@49b0b76]" started-at="2023-01-26T19:13:48 IST" name="tearDown" finished-at="2023-01-26T19:13:48 IST" duration-ms="227" status="PASS">
          <reporter-output>
          </reporter-output>
        </test-method> <!-- tearDown -->
      </class> <!-- com.TestLayer.LoginPageTest -->
      <class name="com.TestLayer.HomePageTest$HomePsgeTest">
        <test-method is-config="true" signature="setup()[pri:0, instance:com.TestLayer.HomePageTest$HomePsgeTest@50b472aa]" started-at="2023-01-26T19:13:48 IST" name="setup" finished-at="2023-01-26T19:13:54 IST" duration-ms="5674" status="PASS">
          <reporter-output>
          </reporter-output>
        </test-method> <!-- setup -->
        <test-method signature="checkAmount()[pri:0, instance:com.TestLayer.HomePageTest$HomePsgeTest@50b472aa]" started-at="2023-01-26T19:13:54 IST" name="checkAmount" finished-at="2023-01-26T19:13:54 IST" duration-ms="427" status="PASS">
          <reporter-output>
          </reporter-output>
        </test-method> <!-- checkAmount -->
        <test-method is-config="true" signature="tearDown()[pri:0, instance:com.TestLayer.HomePageTest$HomePsgeTest@50b472aa]" started-at="2023-01-26T19:13:54 IST" name="tearDown" finished-at="2023-01-26T19:13:54 IST" duration-ms="215" status="PASS">
          <reporter-output>
          </reporter-output>
        </test-method> <!-- tearDown -->
      </class> <!-- com.TestLayer.HomePageTest$HomePsgeTest -->
    </test> <!-- QaWingify -->
  </suite> <!-- QaWingify -->
</testng-results>
